Arguments: 
  C:\Program Files\nodejs\node.exe C:\Program Files (x86)\Yarn\bin\yarn.js add vuepress

PATH: 
  C:\Python38\Scripts\;C:\Python38\;C:\WINDOWS\system32;C:\WINDOWS;C:\WINDOWS\System32\Wbem;C:\WINDOWS\System32\WindowsPowerShell\v1.0\;C:\WINDOWS\System32\OpenSSH\;C:\ProgramData\chocolatey\bin;C:\Program Files\dotnet\;C:\Program Files (x86)\Yarn\bin\;C:\Users\khanh\AppData\Roaming\nvm;C:\Program Files\nodejs;C:\Program Files\Git\cmd;C:\Users\khanh\AppData\Roaming\Python\Python38\Scripts;C:\xampp\php;C:\ProgramData\ComposerSetup\bin;C:\ProgramData\chocolatey\lib\Elixir/bin;C:\Program Files\AdoptOpenJDK\jdk8u192-b12\bin;C:\Program Files\Java\jdk1.8.0_211\bin;C:\Android\android-sdk\tools;C:\Android\android-sdk\platform-tools;C:\Android\android-sdk\tools\bin;;C:\WINDOWS\system32;C:\WINDOWS;C:\WINDOWS\System32\Wbem;C:\WINDOWS\System32\WindowsPowerShell\v1.0\;C:\WINDOWS\System32\OpenSSH\;C:\Users\khanh\.windows-build-tools\python27\;C:\Users\khanh\AppData\Local\Microsoft\WindowsApps;C:\Users\khanh\AppData\Local\Programs\Microsoft VS Code\bin;C:\tools\dart-sdk\bin;C:\Users\khanh\AppData\Roaming\Pub\Cache\bin;C:\Flutter\flutter\bin;C:\Users\khanh\AppData\Roaming\npm;C:\Users\khanh\AppData\Local\Yarn\bin;C:\Program Files\heroku\bin;C:\Users\khanh\Downloads\google-cloud-sdk-296.0.0-windows-x86_64\google-cloud-sdk\bin;C:\Users\khanh\AppData\Roaming\nvm;C:\Program Files\nodejs;C:\Users\khanh\AppData\Roaming\Composer\vendor\bin;C:\Users\khanh\AppData\Local\Microsoft\WindowsApps;

Yarn version: 
  1.22.4

Node version: 
  14.4.0

Platform: 
  win32 x64

Trace: 
  SyntaxError: C:\Users\khanh\zenchainco\Github\whitepaper\package.json: Unexpected token { in JSON at position 95
      at JSON.parse (<anonymous>)
      at C:\Program Files (x86)\Yarn\lib\cli.js:1625:59
      at Generator.next (<anonymous>)
      at step (C:\Program Files (x86)\Yarn\lib\cli.js:310:30)
      at C:\Program Files (x86)\Yarn\lib\cli.js:321:13

npm manifest: 
  {
    "name": "whitepaper",
    "version": "1.0.0",
    "description": "##",
    "main": "index.js",
    {
      "scripts": {
        "dev": "vuepress dev",
        "build": "vuepress build"
      }
    },
    "author": "",
    "license": "ISC"
  }

yarn manifest: 
  No manifest

Lockfile: 
  No lockfile
